<?xml version="1.0" encoding="UTF-8"?>
<!-- Generated by org.testng.reporters.JUnitReportReporter -->
<testsuite hostname="LAPTOP-EMGAGJDH" failures="0" tests="2" name="com.siteautomation.tests.BrowserApiModulesTest" time="8.449" errors="0" timestamp="2026-04-16T23:31:21 EDT" skipped="0">
  <testcase classname="com.siteautomation.tests.BrowserApiModulesTest" name="tc021_geolocation" time="6.943"/>
  <testcase classname="com.siteautomation.tests.BrowserApiModulesTest" name="tc028_javascriptOnloadEventError" time="1.506"/>
</testsuite> <!-- com.siteautomation.tests.BrowserApiModulesTest -->
