<?xml version="1.0" encoding="UTF-8"?>
<!-- Generated by org.testng.reporters.JUnitReportReporter -->
<testsuite hostname="LAPTOP-EMGAGJDH" failures="0" tests="3" name="com.siteautomation.tests.AuthModulesTest" time="8.849" errors="1" timestamp="2026-04-16T23:31:21 EDT" skipped="0">
  <testcase classname="com.siteautomation.tests.AuthModulesTest" name="tc001_basicAuth" time="2.232"/>
  <testcase classname="com.siteautomation.tests.AuthModulesTest" name="tc006_digestAuth" time="1.463"/>
  <testcase classname="com.siteautomation.tests.AuthModulesTest" name="tc019_formAuthentication" time="5.154">
    <error message="Expected secure area, current URL: https://the-internet.herokuapp.com/login" type="java.lang.IllegalStateException">
      <![CDATA[java.lang.IllegalStateException: Expected secure area, current URL: https://the-internet.herokuapp.com/login
at com.siteautomation.pages.HomePage.<init>(HomePage.java:19)
at com.siteautomation.pages.LoginPage.login(LoginPage.java:54)
at com.siteautomation.tests.AuthModulesTest.tc019_formAuthentication(AuthModulesTest.java:36)
at java.base/jdk.internal.reflect.DirectMethodHandleAccessor.invoke(DirectMethodHandleAccessor.java:103)
at java.base/java.lang.reflect.Method.invoke(Method.java:580)
at org.testng.internal.invokers.MethodInvocationHelper.invokeMethod(MethodInvocationHelper.java:139)
at org.testng.internal.invokers.TestInvoker.invokeMethod(TestInvoker.java:664)
at org.testng.internal.invokers.TestInvoker.invokeTestMethod(TestInvoker.java:227)
at org.testng.internal.invokers.MethodRunner.runInSequence(MethodRunner.java:50)
at org.testng.internal.invokers.TestInvoker$MethodInvocationAgent.invoke(TestInvoker.java:957)
at org.testng.internal.invokers.TestInvoker.invokeTestMethods(TestInvoker.java:200)
at org.testng.internal.invokers.TestMethodWorker.invokeTestMethods(TestMethodWorker.java:148)
at org.testng.internal.invokers.TestMethodWorker.run(TestMethodWorker.java:128)
at java.base/java.util.concurrent.ThreadPoolExecutor.runWorker(ThreadPoolExecutor.java:1144)
at java.base/java.util.concurrent.ThreadPoolExecutor$Worker.run(ThreadPoolExecutor.java:642)
at java.base/java.lang.Thread.run(Thread.java:1570)
]]>
    </error>
  </testcase> <!-- tc019_formAuthentication -->
</testsuite> <!-- com.siteautomation.tests.AuthModulesTest -->
