<?xml version="1.0" encoding="UTF-8"?>
<!-- Generated by org.testng.reporters.JUnitReportReporter -->
<testsuite hostname="LAPTOP-EMGAGJDH" failures="0" tests="2" name="com.siteautomation.tests.DynamicModulesTest" time="20.302" errors="0" timestamp="2026-04-16T23:31:21 EDT" skipped="0">
  <testcase classname="com.siteautomation.tests.DynamicModulesTest" name="tc010_dynamicContent" time="2.599"/>
  <testcase classname="com.siteautomation.tests.DynamicModulesTest" name="tc012_dynamicLoading" time="17.703"/>
</testsuite> <!-- com.siteautomation.tests.DynamicModulesTest -->
